0 1 2 3 4 5 6 7 8 9 

Pair (3,4) gives a new connection
0 1 2 3 3 5 6 7 8 9 

Pair (4,9) gives a new connection
0 1 2 3 3 5 6 7 8 3 

Pair (8,0) gives a new connection
8 1 2 3 3 5 6 7 8 3 

Pair (2,3) gives a new connection
8 1 3 3 3 5 6 7 8 3 

Pair (5,6) gives a new connection
8 1 3 3 3 5 5 7 8 3 

No new connection with (2,9)

Pair (5,9) gives a new connection
8 1 3 3 3 3 5 7 8 3 

Pair (7,3) gives a new connection
8 1 3 3 3 3 5 3 8 3 

Pair (4,8) gives a new connection
8 1 3 3 3 3 5 3 3 3 

No new connection with (5,6)

No new connection with (0,2)

Pair (6,1) gives a new connection
8 3 3 3 3 3 5 3 3 3 

